This is pdfTeX, Version 3.14159265-2.6-1.40.17 (TeX Live 2016) (preloaded format=pdflatex 2016.5.22)  8 JUL 2019 15:02
entering extended mode
 restricted \write18 enabled.
 file:line:error style messages enabled.
 %&-line parsing enabled.
**main.tex
(./main.tex
LaTeX2e <2016/03/31>
Babel <3.9r> and hyphenation patterns for 83 language(s) loaded.
(/usr/local/texlive/2016/texmf-dist/tex/latex/elsarticle/elsarticle.cls
Document Class: elsarticle 2009/09/17, 1.2.0: Elsevier Ltd
\@bls=\dimen102
(/usr/local/texlive/2016/texmf-dist/tex/latex/base/article.cls
Document Class: article 2014/09/29 v1.4h Standard LaTeX document class
(/usr/local/texlive/2016/texmf-dist/tex/latex/base/size10.clo
File: size10.clo 2014/09/29 v1.4h Standard LaTeX file (size option)
)
\c@part=\count79
\c@section=\count80
\c@subsection=\count81
\c@subsubsection=\count82
\c@paragraph=\count83
\c@subparagraph=\count84
\c@figure=\count85
\c@table=\count86
\abovecaptionskip=\skip41
\belowcaptionskip=\skip42
\bibindent=\dimen103
)
(/usr/local/texlive/2016/texmf-dist/tex/latex/graphics/graphicx.sty
Package: graphicx 2014/10/28 v1.0g Enhanced LaTeX Graphics (DPC,SPQR)

(/usr/local/texlive/2016/texmf-dist/tex/latex/graphics/keyval.sty
Package: keyval 2014/10/28 v1.15 key=value parser (DPC)
\KV@toks@=\toks14
)
(/usr/local/texlive/2016/texmf-dist/tex/latex/graphics/graphics.sty
Package: graphics 2016/05/09 v1.0r Standard LaTeX Graphics (DPC,SPQR)

(/usr/local/texlive/2016/texmf-dist/tex/latex/graphics/trig.sty
Package: trig 2016/01/03 v1.10 sin cos tan (DPC)
)
(/usr/local/texlive/2016/texmf-dist/tex/latex/graphics-cfg/graphics.cfg
File: graphics.cfg 2016/01/02 v1.10 sample graphics configuration
)
Package graphics Info: Driver file: pdftex.def on input line 96.

(/usr/local/texlive/2016/texmf-dist/tex/latex/pdftex-def/pdftex.def
File: pdftex.def 2011/05/27 v0.06d Graphics/color for pdfTeX

(/usr/local/texlive/2016/texmf-dist/tex/generic/oberdiek/infwarerr.sty
Package: infwarerr 2016/05/16 v1.4 Providing info/warning/error messages (HO)
)
(/usr/local/texlive/2016/texmf-dist/tex/generic/oberdiek/ltxcmds.sty
Package: ltxcmds 2016/05/16 v1.23 LaTeX kernel commands for general use (HO)
)
\Gread@gobject=\count87
))
\Gin@req@height=\dimen104
\Gin@req@width=\dimen105
)
(/usr/local/texlive/2016/texmf-dist/tex/latex/psnfss/pifont.sty
Package: pifont 2005/04/12 PSNFSS-v9.2a Pi font support (SPQR) 
LaTeX Font Info:    Try loading font information for U+pzd on input line 63.

(/usr/local/texlive/2016/texmf-dist/tex/latex/psnfss/upzd.fd
File: upzd.fd 2001/06/04 font definitions for U/pzd.
)
LaTeX Font Info:    Try loading font information for U+psy on input line 64.

(/usr/local/texlive/2016/texmf-dist/tex/latex/psnfss/upsy.fd
File: upsy.fd 2001/06/04 font definitions for U/psy.
))
\c@tnote=\count88
\c@fnote=\count89
\c@cnote=\count90
\c@ead=\count91
\c@author=\count92
\@eadauthor=\toks15
\c@affn=\count93
\absbox=\box26
\keybox=\box27
\Columnwidth=\dimen106
\space@left=\dimen107
\els@boxa=\box28
\els@boxb=\box29
\leftMargin=\dimen108
\@enLab=\toks16
\@sep=\skip43
\@@sep=\skip44
 (./main.spl)
(/usr/local/texlive/2016/texmf-dist/tex/latex/natbib/natbib.sty
Package: natbib 2010/09/13 8.31b (PWD, AO)
\bibhang=\skip45
\bibsep=\skip46
LaTeX Info: Redefining \cite on input line 694.
\c@NAT@ctr=\count94
)
\splwrite=\write3
\openout3 = `main.spl'.


(/usr/local/texlive/2016/texmf-dist/tex/latex/geometry/geometry.sty
Package: geometry 2010/09/12 v5.6 Page Geometry

(/usr/local/texlive/2016/texmf-dist/tex/generic/oberdiek/ifpdf.sty
Package: ifpdf 2016/05/14 v3.1 Provides the ifpdf switch
)
(/usr/local/texlive/2016/texmf-dist/tex/generic/oberdiek/ifvtex.sty
Package: ifvtex 2016/05/16 v1.6 Detect VTeX and its facilities (HO)
Package ifvtex Info: VTeX not detected.
)
(/usr/local/texlive/2016/texmf-dist/tex/generic/ifxetex/ifxetex.sty
Package: ifxetex 2010/09/12 v0.6 Provides ifxetex conditional
)
\Gm@cnth=\count95
\Gm@cntv=\count96
\c@Gm@tempcnt=\count97
\Gm@bindingoffset=\dimen109
\Gm@wd@mp=\dimen110
\Gm@odd@mp=\dimen111
\Gm@even@mp=\dimen112
\Gm@layoutwidth=\dimen113
\Gm@layoutheight=\dimen114
\Gm@layouthoffset=\dimen115
\Gm@layoutvoffset=\dimen116
\Gm@dimlist=\toks17
))
(/usr/local/texlive/2016/texmf-dist/tex/latex/amsfonts/amssymb.sty
Package: amssymb 2013/01/14 v3.01 AMS font symbols

(/usr/local/texlive/2016/texmf-dist/tex/latex/amsfonts/amsfonts.sty
Package: amsfonts 2013/01/14 v3.01 Basic AMSFonts support
\@emptytoks=\toks18
\symAMSa=\mathgroup4
\symAMSb=\mathgroup5
LaTeX Font Info:    Overwriting math alphabet `\mathfrak' in version `bold'
(Font)                  U/euf/m/n --> U/euf/b/n on input line 106.
))
(/usr/local/texlive/2016/texmf-dist/tex/latex/subfiles/subfiles.sty
Package: subfiles 2012/05/23 Federico Garcia

(/usr/local/texlive/2016/texmf-dist/tex/latex/tools/verbatim.sty
Package: verbatim 2014/10/28 v1.5q LaTeX2e package for verbatim enhancements
\every@verbatim=\toks19
\verbatim@line=\toks20
\verbatim@in@stream=\read1
))
(/usr/local/texlive/2016/texmf-dist/tex/latex/caption/subcaption.sty
Package: subcaption 2016/02/20 v1.1-142 Sub-captions (AR)

(/usr/local/texlive/2016/texmf-dist/tex/latex/caption/caption.sty
Package: caption 2016/02/21 v3.3-144 Customizing captions (AR)

(/usr/local/texlive/2016/texmf-dist/tex/latex/caption/caption3.sty
Package: caption3 2016/02/04 v1.7-139 caption3 kernel (AR)
Package caption3 Info: TeX engine: e-TeX on input line 67.
\captionmargin=\dimen117
\captionmargin@=\dimen118
\captionwidth=\dimen119
\caption@tempdima=\dimen120
\caption@indent=\dimen121
\caption@parindent=\dimen122
\caption@hangindent=\dimen123
)
\c@ContinuedFloat=\count98
)
\c@subfigure=\count99
\c@subtable=\count100
)
(/usr/local/texlive/2016/texmf-dist/tex/latex/amsmath/amsmath.sty
Package: amsmath 2016/03/10 v2.15b AMS math features
\@mathmargin=\skip47

For additional information on amsmath, use the `?' option.
(/usr/local/texlive/2016/texmf-dist/tex/latex/amsmath/amstext.sty
Package: amstext 2000/06/29 v2.01 AMS text

(/usr/local/texlive/2016/texmf-dist/tex/latex/amsmath/amsgen.sty
File: amsgen.sty 1999/11/30 v2.0 generic functions
\@emptytoks=\toks21
\ex@=\dimen124
))
(/usr/local/texlive/2016/texmf-dist/tex/latex/amsmath/amsbsy.sty
Package: amsbsy 1999/11/29 v1.2d Bold Symbols
\pmbraise@=\dimen125
)
(/usr/local/texlive/2016/texmf-dist/tex/latex/amsmath/amsopn.sty
Package: amsopn 2016/03/08 v2.02 operator names
)
\inf@bad=\count101
LaTeX Info: Redefining \frac on input line 199.
\uproot@=\count102
\leftroot@=\count103
LaTeX Info: Redefining \overline on input line 297.
\classnum@=\count104
\DOTSCASE@=\count105
LaTeX Info: Redefining \ldots on input line 394.
LaTeX Info: Redefining \dots on input line 397.
LaTeX Info: Redefining \cdots on input line 518.
\Mathstrutbox@=\box30
\strutbox@=\box31
\big@size=\dimen126
LaTeX Font Info:    Redeclaring font encoding OML on input line 634.
LaTeX Font Info:    Redeclaring font encoding OMS on input line 635.
\macc@depth=\count106
\c@MaxMatrixCols=\count107
\dotsspace@=\muskip10
\c@parentequation=\count108
\dspbrk@lvl=\count109
\tag@help=\toks22
\row@=\count110
\column@=\count111
\maxfields@=\count112
\andhelp@=\toks23
\eqnshift@=\dimen127
\alignsep@=\dimen128
\tagshift@=\dimen129
\tagwidth@=\dimen130
\totwidth@=\dimen131
\lineht@=\dimen132
\@envbody=\toks24
\multlinegap=\skip48
\multlinetaggap=\skip49
\mathdisplay@stack=\toks25
LaTeX Info: Redefining \[ on input line 2739.
LaTeX Info: Redefining \] on input line 2740.
)
(/usr/local/texlive/2016/texmf-dist/tex/latex/xcolor/xcolor.sty
Package: xcolor 2016/05/11 v2.12 LaTeX color extensions (UK)

(/usr/local/texlive/2016/texmf-dist/tex/latex/graphics-cfg/color.cfg
File: color.cfg 2016/01/02 v1.6 sample color configuration
)
Package xcolor Info: Driver file: pdftex.def on input line 225.
Package xcolor Info: Model `cmy' substituted by `cmy0' on input line 1348.
Package xcolor Info: Model `hsb' substituted by `rgb' on input line 1352.
Package xcolor Info: Model `RGB' extended on input line 1364.
Package xcolor Info: Model `HTML' substituted by `rgb' on input line 1366.
Package xcolor Info: Model `Hsb' substituted by `hsb' on input line 1367.
Package xcolor Info: Model `tHsb' substituted by `hsb' on input line 1368.
Package xcolor Info: Model `HSB' substituted by `hsb' on input line 1369.
Package xcolor Info: Model `Gray' substituted by `gray' on input line 1370.
Package xcolor Info: Model `wave' substituted by `hsb' on input line 1371.

(/usr/local/texlive/2016/texmf-dist/tex/latex/graphics/dvipsnam.def
File: dvipsnam.def 2015/12/30 v3.0k Driver-dependent file (DPC,SPQR)
))
(/usr/local/texlive/2016/texmf-dist/tex/latex/soul/soul.sty
Package: soul 2003/11/17 v2.4 letterspacing/underlining (mf)
\SOUL@word=\toks26
\SOUL@lasttoken=\toks27
\SOUL@cmds=\toks28
\SOUL@buffer=\toks29
\SOUL@token=\toks30
\SOUL@spaceskip=\skip50
\SOUL@ttwidth=\dimen133
\SOUL@uldp=\dimen134
\SOUL@ulht=\dimen135
) (./main.aux

LaTeX Warning: Label `Eq:PartitionZ' multiply defined.

)
\openout1 = `main.aux'.

LaTeX Font Info:    Checking defaults for OML/cmm/m/it on input line 40.
LaTeX Font Info:    ... okay on input line 40.
LaTeX Font Info:    Checking defaults for T1/cmr/m/n on input line 40.
LaTeX Font Info:    ... okay on input line 40.
LaTeX Font Info:    Checking defaults for OT1/cmr/m/n on input line 40.
LaTeX Font Info:    ... okay on input line 40.
LaTeX Font Info:    Checking defaults for OMS/cmsy/m/n on input line 40.
LaTeX Font Info:    ... okay on input line 40.
LaTeX Font Info:    Checking defaults for OMX/cmex/m/n on input line 40.
LaTeX Font Info:    ... okay on input line 40.
LaTeX Font Info:    Checking defaults for U/cmr/m/n on input line 40.
LaTeX Font Info:    ... okay on input line 40.
 (/usr/local/texlive/2016/texmf-dist/tex/context/base/mkii/supp-pdf.mkii
[Loading MPS to PDF converter (version 2006.09.02).]
\scratchcounter=\count113
\scratchdimen=\dimen136
\scratchbox=\box32
\nofMPsegments=\count114
\nofMParguments=\count115
\everyMPshowfont=\toks31
\MPscratchCnt=\count116
\MPscratchDim=\dimen137
\MPnumerator=\count117
\makeMPintoPDFobject=\count118
\everyMPtoPDFconversion=\toks32
) (/usr/local/texlive/2016/texmf-dist/tex/generic/oberdiek/pdftexcmds.sty
Package: pdftexcmds 2016/05/10 v0.21 Utility functions of pdfTeX for LuaTeX (HO
)

(/usr/local/texlive/2016/texmf-dist/tex/generic/oberdiek/ifluatex.sty
Package: ifluatex 2016/05/16 v1.4 Provides the ifluatex switch (HO)
Package ifluatex Info: LuaTeX not detected.
)
Package pdftexcmds Info: LuaTeX not detected.
Package pdftexcmds Info: \pdf@primitive is available.
Package pdftexcmds Info: \pdf@ifprimitive is available.
Package pdftexcmds Info: \pdfdraftmode found.
)
(/usr/local/texlive/2016/texmf-dist/tex/latex/oberdiek/epstopdf-base.sty
Package: epstopdf-base 2016/05/15 v2.6 Base part for package epstopdf

(/usr/local/texlive/2016/texmf-dist/tex/latex/oberdiek/grfext.sty
Package: grfext 2016/05/16 v1.2 Manage graphics extensions (HO)

(/usr/local/texlive/2016/texmf-dist/tex/generic/oberdiek/kvdefinekeys.sty
Package: kvdefinekeys 2016/05/16 v1.4 Define keys (HO)
))
(/usr/local/texlive/2016/texmf-dist/tex/latex/oberdiek/kvoptions.sty
Package: kvoptions 2016/05/16 v3.12 Key value format for package options (HO)

(/usr/local/texlive/2016/texmf-dist/tex/generic/oberdiek/kvsetkeys.sty
Package: kvsetkeys 2016/05/16 v1.17 Key value parser (HO)

(/usr/local/texlive/2016/texmf-dist/tex/generic/oberdiek/etexcmds.sty
Package: etexcmds 2016/05/16 v1.6 Avoid name clashes with e-TeX commands (HO)
Package etexcmds Info: Could not find \expanded.
(etexcmds)             That can mean that you are not using pdfTeX 1.50 or
(etexcmds)             that some package has redefined \expanded.
(etexcmds)             In the latter case, load this package earlier.
)))
Package grfext Info: Graphics extension search list:
(grfext)             [.png,.pdf,.jpg,.mps,.jpeg,.jbig2,.jb2,.PNG,.PDF,.JPG,.JPE
G,.JBIG2,.JB2,.eps]
(grfext)             \AppendGraphicsExtensions on input line 456.

(/usr/local/texlive/2016/texmf-dist/tex/latex/latexconfig/epstopdf-sys.cfg
File: epstopdf-sys.cfg 2010/07/13 v1.3 Configuration of (r)epstopdf for TeX Liv
e
))
*geometry* driver: auto-detecting
*geometry* detected driver: pdftex
*geometry* verbose mode - [ preamble ] result:
* driver: pdftex
* paper: custom
* layout: <same size as paper>
* layoutoffset:(h,v)=(0.0pt,0.0pt)
* hratio: 1:1
* vratio: 1:1
* modes: 
* h-part:(L,W,R)=(64.75394pt, 468.0pt, 64.75394pt)
* v-part:(T,H,B)=(111.52342pt, 622.0pt, 111.52342pt)
* \paperwidth=597.50787pt
* \paperheight=845.04684pt
* \textwidth=468.0pt
* \textheight=622.0pt
* \oddsidemargin=-7.51605pt
* \evensidemargin=-7.51605pt
* \topmargin=-22.74657pt
* \headheight=50.0pt
* \headsep=12.0pt
* \topskip=10.0pt
* \footskip=18.0pt
* \marginparwidth=65.0pt
* \marginparsep=11.0pt
* \columnsep=24.0pt
* \skip\footins=24.0pt plus 2.0pt minus 12.0pt
* \hoffset=0.0pt
* \voffset=0.0pt
* \mag=1000
* \@twocolumnfalse
* \@twosidefalse
* \@mparswitchfalse
* \@reversemarginfalse
* (1in=72.27pt=25.4mm, 1cm=28.453pt)

Package caption Info: Begin \AtBeginDocument code.
Package caption Info: End \AtBeginDocument code.
LaTeX Font Info:    Try loading font information for U+msa on input line 86.
(/usr/local/texlive/2016/texmf-dist/tex/latex/amsfonts/umsa.fd
File: umsa.fd 2013/01/14 v3.01 AMS symbols A
)
LaTeX Font Info:    Try loading font information for U+msb on input line 86.

(/usr/local/texlive/2016/texmf-dist/tex/latex/amsfonts/umsb.fd
File: umsb.fd 2013/01/14 v3.01 AMS symbols B
) (./main.toc
[1

{/usr/local/texlive/2016/texmf-var/fonts/map/pdftex/updmap/pdftex.map}])
\tf@toc=\write4
\openout4 = `main.toc'.


[2] (./1introduction/introduction.tex [3]
<./1introduction/PathIntegralsFermionsBosons.pdf, id=25, 794.97pt x 614.295pt>
File: ./1introduction/PathIntegralsFermionsBosons.pdf Graphic file (type pdf)

<use ./1introduction/PathIntegralsFermionsBosons.pdf>
Package pdftex.def Info: ./1introduction/PathIntegralsFermionsBosons.pdf used o
n input line 74.
(pdftex.def)             Requested size: 351.0pt x 271.23734pt.


LaTeX Warning: `h' float specifier changed to `ht'.

[4] [5 <./1introduction/PathIntegralsFermionsBosons.pdf, page is rotated 90 deg
rees>] [6]) [7] (./2generalformalism/generalformalism.tex
<./2generalformalism/SPApproaches.pdf, id=56, 794.97pt x 614.295pt>
File: ./2generalformalism/SPApproaches.pdf Graphic file (type pdf)

<use ./2generalformalism/SPApproaches.pdf>
Package pdftex.def Info: ./2generalformalism/SPApproaches.pdf used on input lin
e 35.
(pdftex.def)             Requested size: 351.0pt x 271.23734pt.


LaTeX Warning: `h' float specifier changed to `ht'.

[8] [9 <./2generalformalism/SPApproaches.pdf, page is rotated 90 degrees>]
[10] [11] [12]
<./2generalformalism/FFAFit_example_new.pdf, id=88, 569.12625pt x 387.4475pt>
File: ./2generalformalism/FFAFit_example_new.pdf Graphic file (type pdf)

<use ./2generalformalism/FFAFit_example_new.pdf>
Package pdftex.def Info: ./2generalformalism/FFAFit_example_new.pdf used on inp
ut line 294.
(pdftex.def)             Requested size: 248.03943pt x 168.86345pt.

<./2generalformalism/FFArho_tau_new.pdf, id=89, 289.08pt x 216.81pt>
File: ./2generalformalism/FFArho_tau_new.pdf Graphic file (type pdf)

<use ./2generalformalism/FFArho_tau_new.pdf>
Package pdftex.def Info: ./2generalformalism/FFArho_tau_new.pdf used on input l
ine 295.
(pdftex.def)             Requested size: 215.28314pt x 161.46243pt.
 [13 <./2generalformalism/FFAFit_example_new.pdf, page is rotated 90 degrees> <
./2generalformalism/FFArho_tau_new.pdf>] [14] [15] [16]
<./2generalformalism/FermionBags.pdf, id=171, 794.97pt x 614.295pt>
File: ./2generalformalism/FermionBags.pdf Graphic file (type pdf)

<use ./2generalformalism/FermionBags.pdf>
Package pdftex.def Info: ./2generalformalism/FermionBags.pdf used on input line
 645.
(pdftex.def)             Requested size: 163.80286pt x 126.56866pt.


LaTeX Warning: `h' float specifier changed to `ht'.

[17] [18 <./2generalformalism/FermionBags.pdf, page is rotated 90 degrees>]
<./2generalformalism/AnalyticContinuationCartoon.pdf, id=193, 794.97pt x 614.29
5pt>
File: ./2generalformalism/AnalyticContinuationCartoon.pdf Graphic file (type pd
f)
 <use ./2generalformalism/AnalyticContinuationCartoon.pdf>
Package pdftex.def Info: ./2generalformalism/AnalyticContinuationCartoon.pdf us
ed on input line 772.
(pdftex.def)             Requested size: 229.32257pt x 177.20364pt.

<./2generalformalism/ThimblesCartoon.pdf, id=194, 794.97pt x 614.295pt>
File: ./2generalformalism/ThimblesCartoon.pdf Graphic file (type pdf)

<use ./2generalformalism/ThimblesCartoon.pdf>
Package pdftex.def Info: ./2generalformalism/ThimblesCartoon.pdf used on input 
line 773.
(pdftex.def)             Requested size: 229.32257pt x 177.20364pt.

<./2generalformalism/illustrate_ana_cont.pdf, id=195, 361.35pt x 252.945pt>
File: ./2generalformalism/illustrate_ana_cont.pdf Graphic file (type pdf)

<use ./2generalformalism/illustrate_ana_cont.pdf>
Package pdftex.def Info: ./2generalformalism/illustrate_ana_cont.pdf used on in
put line 791.
(pdftex.def)             Requested size: 210.59857pt x 147.41837pt.

<./2generalformalism/Lambda2Magnetization.pdf, id=196, 361.35pt x 216.81pt>
File: ./2generalformalism/Lambda2Magnetization.pdf Graphic file (type pdf)

<use ./2generalformalism/Lambda2Magnetization.pdf>
Package pdftex.def Info: ./2generalformalism/Lambda2Magnetization.pdf used on i
nput line 792.
(pdftex.def)             Requested size: 243.362pt x 146.01622pt.


LaTeX Warning: `h' float specifier changed to `ht'.

[19] [20 <./2generalformalism/AnalyticContinuationCartoon.pdf, page is rotated 
90 degrees> <./2generalformalism/ThimblesCartoon.pdf, page is rotated 90 degree
s>]) [21 <./2generalformalism/illustrate_ana_cont.pdf> <./2generalformalism/Lam
bda2Magnetization.pdf>] (./3mathunderpinnings/mathunderpinnings.tex [22]
[23] [24] [25]
<./3mathunderpinnings/sq_toy_problem.pdf, id=332, 542.025pt x 650.43pt>
File: ./3mathunderpinnings/sq_toy_problem.pdf Graphic file (type pdf)

<use ./3mathunderpinnings/sq_toy_problem.pdf>
Package pdftex.def Info: ./3mathunderpinnings/sq_toy_problem.pdf used on input 
line 225.
(pdftex.def)             Requested size: 468.0pt x 561.62173pt.
 [26] [27 <./3mathunderpinnings/sq_toy_problem.pdf>]
<./3mathunderpinnings/real_plot.pdf, id=407, 490.96863pt x 161.78412pt>
File: ./3mathunderpinnings/real_plot.pdf Graphic file (type pdf)

<use ./3mathunderpinnings/real_plot.pdf>
Package pdftex.def Info: ./3mathunderpinnings/real_plot.pdf used on input line 
260.
(pdftex.def)             Requested size: 468.0pt x 154.22478pt.
 [28 <./3mathunderpinnings/real_plot.pdf>] <./3mathunderpinnings/RLvsCLTable.pd
f, id=461, 794.97pt x 614.295pt>
File: ./3mathunderpinnings/RLvsCLTable.pdf Graphic file (type pdf)

<use ./3mathunderpinnings/RLvsCLTable.pdf>
Package pdftex.def Info: ./3mathunderpinnings/RLvsCLTable.pdf used on input lin
e 328.
(pdftex.def)             Requested size: 327.59857pt x 253.14673pt.
 [29] [30 <./3mathunderpinnings/RLvsCLTable.pdf, page is rotated 90 degrees>]
<./3mathunderpinnings/complex_plot.pdf, id=482, 476.24243pt x 279.92706pt>
File: ./3mathunderpinnings/complex_plot.pdf Graphic file (type pdf)

<use ./3mathunderpinnings/complex_plot.pdf>
Package pdftex.def Info: ./3mathunderpinnings/complex_plot.pdf used on input li
ne 390.
(pdftex.def)             Requested size: 468.0pt x 275.0912pt.
 [31] [32 <./3mathunderpinnings/complex_plot.pdf>] [33]
LaTeX Font Info:    Try loading font information for OMS+cmr on input line 547.


(/usr/local/texlive/2016/texmf-dist/tex/latex/base/omscmr.fd
File: omscmr.fd 2014/09/29 v2.5h Standard LaTeX font definitions
)
LaTeX Font Info:    Font shape `OMS/cmr/m/n' in size <10> not available
(Font)              Font shape `OMS/cmsy/m/n' tried instead on input line 547.
 [34] [35])
[36] (./4applications-REL/relativistic.tex
<./4applications-REL/su3_plots.png, id=558, 1273.75874pt x 450.68375pt>
File: ./4applications-REL/su3_plots.png Graphic file (type png)

<use ./4applications-REL/su3_plots.png>
Package pdftex.def Info: ./4applications-REL/su3_plots.png used on input line 4
1.
(pdftex.def)             Requested size: 468.0pt x 165.58818pt.
 [37]
<./4applications-REL/DensityQCDFiniteMuSexty.pdf, id=563, 248.39983pt x 184.105
12pt>
File: ./4applications-REL/DensityQCDFiniteMuSexty.pdf Graphic file (type pdf)
 <use ./4applications-REL/DensityQCDFiniteMuSexty.pdf>
Package pdftex.def Info: ./4applications-REL/DensityQCDFiniteMuSexty.pdf used o
n input line 81.
(pdftex.def)             Requested size: 229.32257pt x 169.9715pt.

<./4applications-REL/PolyakovQCDFiniteMuSexty.pdf, id=564, 244.6183pt x 189.816
15pt>
File: ./4applications-REL/PolyakovQCDFiniteMuSexty.pdf Graphic file (type pdf)
 <use ./4applications-REL/PolyakovQCDFiniteMuSexty.pdf>
Package pdftex.def Info: ./4applications-REL/PolyakovQCDFiniteMuSexty.pdf used 
on input line 82.
(pdftex.def)             Requested size: 229.32257pt x 177.9522pt.
 [38 <./4applications-REL/su3_plots.png (PNG copy)>]) [39 <./4applications-REL/
DensityQCDFiniteMuSexty.pdf> <./4applications-REL/PolyakovQCDFiniteMuSexty.pdf>
]
(./5applications-NREL/nonrelativistic.tex
<./5applications-NREL/1d_bal_eos.pdf, id=591, 542.025pt x 180.675pt>
File: ./5applications-NREL/1d_bal_eos.pdf Graphic file (type pdf)

<use ./5applications-NREL/1d_bal_eos.pdf>
Package pdftex.def Info: ./5applications-NREL/1d_bal_eos.pdf used on input line
 53.
(pdftex.def)             Requested size: 468.0pt x 156.00603pt.
 [40] [41 <./5applications-NREL/1d_bal_eos.pdf>] <./5applications-NREL/1d_ihmc_
cl.pdf, id=663, 542.025pt x 361.35pt>
File: ./5applications-NREL/1d_ihmc_cl.pdf Graphic file (type pdf)

<use ./5applications-NREL/1d_ihmc_cl.pdf>
Package pdftex.def Info: ./5applications-NREL/1d_ihmc_cl.pdf used on input line
 75.
(pdftex.def)             Requested size: 262.07886pt x 174.72522pt.

<./5applications-NREL/1d_duke_compare.pdf, id=664, 439.47972pt x 445.49998pt>
File: ./5applications-NREL/1d_duke_compare.pdf Graphic file (type pdf)

<use ./5applications-NREL/1d_duke_compare.pdf>
Package pdftex.def Info: ./5applications-NREL/1d_duke_compare.pdf used on input
 line 78.
(pdftex.def)             Requested size: 187.19714pt x 189.75984pt.
 [42 <./5applications-NREL/1d_ihmc_cl.pdf> <./5applications-NREL/1d_duke_compar
e.pdf

pdfTeX warning: /Library/TeX/texbin/pdflatex (file ./5applications-NREL/1d_duke
_compare.pdf): PDF inclusion: multiple pdfs with page group included in a singl
e page
>]
<./5applications-NREL/PerturbationTheoryDensity.pdf, id=787, 361.35pt x 216.81p
t>
File: ./5applications-NREL/PerturbationTheoryDensity.pdf Graphic file (type pdf
)
 <use ./5applications-NREL/PerturbationTheoryDensity.pdf>
Package pdftex.def Info: ./5applications-NREL/PerturbationTheoryDensity.pdf use
d on input line 101.
(pdftex.def)             Requested size: 229.32257pt x 137.59341pt.

<./5applications-NREL/PerturbationTheoryRepulsiveDensity.pdf, id=788, 361.35pt 
x 216.81pt>
File: ./5applications-NREL/PerturbationTheoryRepulsiveDensity.pdf Graphic file 
(type pdf)
 <use ./5applications-NREL/PerturbationTheoryRepulsiveDensity.pdf>
Package pdftex.def Info: ./5applications-NREL/PerturbationTheoryRepulsiveDensit
y.pdf used on input line 102.
(pdftex.def)             Requested size: 229.32257pt x 137.59341pt.

<./5applications-NREL/XiExploration.pdf, id=789, 361.35pt x 216.81pt>
File: ./5applications-NREL/XiExploration.pdf Graphic file (type pdf)

<use ./5applications-NREL/XiExploration.pdf>
Package pdftex.def Info: ./5applications-NREL/XiExploration.pdf used on input l
ine 142.
(pdftex.def)             Requested size: 229.32257pt x 137.59341pt.

<./5applications-NREL/Density_Attractive_L1.pdf, id=790, 433.62pt x 252.945pt>
File: ./5applications-NREL/Density_Attractive_L1.pdf Graphic file (type pdf)

<use ./5applications-NREL/Density_Attractive_L1.pdf>
Package pdftex.def Info: ./5applications-NREL/Density_Attractive_L1.pdf used on
 input line 168.
(pdftex.def)             Requested size: 229.32257pt x 133.77074pt.

<./5applications-NREL/Density_Repulsive_L1.pdf, id=791, 433.62pt x 252.945pt>
File: ./5applications-NREL/Density_Repulsive_L1.pdf Graphic file (type pdf)

<use ./5applications-NREL/Density_Repulsive_L1.pdf>
Package pdftex.def Info: ./5applications-NREL/Density_Repulsive_L1.pdf used on 
input line 169.
(pdftex.def)             Requested size: 229.32257pt x 133.77074pt.
 [43 <./5applications-NREL/PerturbationTheoryDensity.pdf> <./5applications-NREL
/PerturbationTheoryRepulsiveDensity.pdf>] [44 <./5applications-NREL/XiExplorati
on.pdf> <./5applications-NREL/Density_Attractive_L1.pdf> <./5applications-NREL/
Density_Repulsive_L1.pdf>]
<./5applications-NREL/ufg_eos.pdf, id=860, 614.295pt x 158.99399pt>
File: ./5applications-NREL/ufg_eos.pdf Graphic file (type pdf)

<use ./5applications-NREL/ufg_eos.pdf>
Package pdftex.def Info: ./5applications-NREL/ufg_eos.pdf used on input line 19
9.
(pdftex.def)             Requested size: 468.0pt x 121.13023pt.

<./5applications-NREL/ufg_maxwell.pdf, id=861, 487.8225pt x 216.81pt>
File: ./5applications-NREL/ufg_maxwell.pdf Graphic file (type pdf)

<use ./5applications-NREL/ufg_maxwell.pdf>
Package pdftex.def Info: ./5applications-NREL/ufg_maxwell.pdf used on input lin
e 209.
(pdftex.def)             Requested size: 468.0pt x 208.0029pt.
) [45 <./5applications-NREL/ufg_eos.pdf>] (./6outlook/outlook.tex) [46 <./5appl
ications-NREL/ufg_maxwell.pdf>]
(./main.bbl [47]
Underfull \hbox (badness 10000) in paragraph at lines 295--301
[]\OT1/cmr/m/n/8 A. Gocksch, Sim-u-lat-ing lat-tice qcd at fi-nite den-sity, Ph
ys. Rev. Lett. 61 (1988) 2054--2057.
 []


Underfull \hbox (badness 3098) in paragraph at lines 309--315
[]\OT1/cmr/m/n/8 S. Ejiri, Ex-is-tence of the crit-i-cal point in fi-nite den-s
ity lat-tice qcd, Phys. Rev. D 77 (2008) 014508.
 []

[48]
Underfull \hbox (badness 2469) in paragraph at lines 357--362
[]\OT1/cmr/m/n/8 H. Rob-bins, S. Monro, A stochas-tic ap-prox-i-ma-tion method,
 Ann. Math. Statist. 22 (3) (1951) 400--407.
 []

[49]
Underfull \hbox (badness 4441) in paragraph at lines 589--595
[]\OT1/cmr/m/n/8 S. Chan-drasekha-ran, Fermion bag ap-proach to lat-tice field 
the-o-ries, Phys. Rev. D 82 (2010) 025007.
 []


Underfull \hbox (badness 1117) in paragraph at lines 631--637
[]\OT1/cmr/m/n/8 S. Chan-drasekha-ran, So-lu-tions to sign prob-lems in lat-tic
e yukawa mod-els, Phys. Rev. D 86 (2012) 021701.
 []


Underfull \hbox (badness 1303) in paragraph at lines 691--697
[]\OT1/cmr/m/n/8 U. Wenger, Ef-fi-cient sim-u-la-tion of rel-a-tivis-tic fermio
ns via ver-tex mod-els, Phys. Rev. D 80 (2009) 071503.
 []

[50]
Underfull \hbox (badness 1803) in paragraph at lines 870--878
[]\OT1/cmr/m/n/8 T. Mat-sumoto, K. Kashiwa, H. Kouno, K. Oda, M. Yahiro, In-ves
-ti-ga-tion of me-son masses for real and
 []

[51]
Underfull \hbox (badness 1371) in paragraph at lines 971--974
[]\OT1/cmr/m/n/8 E. Wit-ten, An-a-lytic Con-tin-u-a-tion Of Chern-Simons The-or
y, AMS/IP Stud. Adv. Math. 50 (2011) 347--446.
 []

[52]
Missing character: There is no Ã in font cmr8!
Missing character: There is no ¡ in font cmr8!
Missing character: There is no Ã in font cmr8!
Missing character: There is no ¨ in font cmr8!
Missing character: There is no â in font cmr8!
Missing character: There is no ‡ in font cmr8!
Missing character: There is no Œ in font cmr8!

Underfull \hbox (badness 10000) in paragraph at lines 1332--1337
[]\OT1/cmr/m/n/8 L. L. Sal-cedo, Gibbs sam-pling of complex-valued dis-tri-bu-t
ions, Phys. Rev. D 94 (2016) 074503.
 []


Underfull \hbox (badness 10000) in paragraph at lines 1357--1364
[]\OT1/cmr/m/n/8 P. H. Damgaard, H. H^^?uffel, Stochas-tic quan-ti-za-tion, Phy
sics Re-ports 152 (5) (1987) 227 -- 398.
 []

[53]
Underfull \hbox (badness 10000) in paragraph at lines 1475--1479
[]\OT1/cmr/m/n/8 E. Seiler, Sta-tus of Com-plex Langevin, EPJ Web Conf. 175 (20
18) 01019.  arXiv:1708.08254,
 []


Underfull \hbox (badness 1221) in paragraph at lines 1499--1505
[]\OT1/cmr/m/n/8 L. L. Sal-cedo, Does the com-plex langevin method give un-bi-a
sed re-sults?, Phys. Rev. D 94 (2016) 114505.
 []

[54]
Underfull \hbox (badness 2426) in paragraph at lines 1600--1608
[]\OT1/cmr/m/n/8 A. C. Lo-heac, J. E. Drut, Third-order per-tur-ba-tive lat-tic
e and com-plex langevin anal-y-ses of the finite-
 []

Missing character: There is no ï in font cmr8!
Missing character: There is no ¿ in font cmr8!
Missing character: There is no ½ in font cmr8!
[55]
Underfull \hbox (badness 1297) in paragraph at lines 1775--1781
\OT1/cmr/m/n/8 trix model at nonzero chem-i-cal po-ten-tial, Jour-nal of High E
n-ergy Physics 3 (2018) 15.  arXiv:1712.07514,
 []


Underfull \hbox (badness 1205) in paragraph at lines 1884--1892
[]\OT1/cmr/m/n/8 A. C. Lo-heac, J. Braun, J. E. Drut, Po-lar-ized fermions in o
ne di-men-sion: Den-sity and po-lar-iza-tion from
 []


Underfull \hbox (badness 2799) in paragraph at lines 1937--1943
[]\OT1/cmr/m/n/8 D. Lee, Ground-state en-ergy of spin-$[]$ fermions in the uni-
tary limit, Phys. Rev. B 73 (2006) 115112.
 []

[56]) [57] (./main.aux)

LaTeX Warning: There were multiply-defined labels.

 ) 
Here is how much of TeX's memory you used:
 6339 strings out of 493014
 100799 string characters out of 6133351
 168320 words of memory out of 5000000
 9727 multiletter control sequences out of 15000+600000
 12503 words of font info for 47 fonts, out of 8000000 for 9000
 1141 hyphenation exceptions out of 8191
 42i,14n,44p,1598b,1234s stack positions out of 5000i,500n,10000p,200000b,80000s
</usr/local/texlive/2016/texmf-dist/fonts/type1/public/amsfonts/cm/cmbx10.pfb
></usr/local/texlive/2016/texmf-dist/fonts/type1/public/amsfonts/cm/cmbx7.pfb><
/usr/local/texlive/2016/texmf-dist/fonts/type1/public/amsfonts/cm/cmex10.pfb></
usr/local/texlive/2016/texmf-dist/fonts/type1/public/amsfonts/cmextra/cmex7.pfb
></usr/local/texlive/2016/texmf-dist/fonts/type1/public/amsfonts/cmextra/cmex8.
pfb></usr/local/texlive/2016/texmf-dist/fonts/type1/public/amsfonts/cm/cmmi10.p
fb></usr/local/texlive/2016/texmf-dist/fonts/type1/public/amsfonts/cm/cmmi12.pf
b></usr/local/texlive/2016/texmf-dist/fonts/type1/public/amsfonts/cm/cmmi5.pfb>
</usr/local/texlive/2016/texmf-dist/fonts/type1/public/amsfonts/cm/cmmi6.pfb></
usr/local/texlive/2016/texmf-dist/fonts/type1/public/amsfonts/cm/cmmi7.pfb></us
r/local/texlive/2016/texmf-dist/fonts/type1/public/amsfonts/cm/cmmi8.pfb></usr/
local/texlive/2016/texmf-dist/fonts/type1/public/amsfonts/cm/cmr10.pfb></usr/lo
cal/texlive/2016/texmf-dist/fonts/type1/public/amsfonts/cm/cmr12.pfb></usr/loca
l/texlive/2016/texmf-dist/fonts/type1/public/amsfonts/cm/cmr17.pfb></usr/local/
texlive/2016/texmf-dist/fonts/type1/public/amsfonts/cm/cmr5.pfb></usr/local/tex
live/2016/texmf-dist/fonts/type1/public/amsfonts/cm/cmr6.pfb></usr/local/texliv
e/2016/texmf-dist/fonts/type1/public/amsfonts/cm/cmr7.pfb></usr/local/texlive/2
016/texmf-dist/fonts/type1/public/amsfonts/cm/cmr8.pfb></usr/local/texlive/2016
/texmf-dist/fonts/type1/public/amsfonts/cm/cmss8.pfb></usr/local/texlive/2016/t
exmf-dist/fonts/type1/public/amsfonts/cm/cmsy10.pfb></usr/local/texlive/2016/te
xmf-dist/fonts/type1/public/amsfonts/cm/cmsy5.pfb></usr/local/texlive/2016/texm
f-dist/fonts/type1/public/amsfonts/cm/cmsy6.pfb></usr/local/texlive/2016/texmf-
dist/fonts/type1/public/amsfonts/cm/cmsy7.pfb></usr/local/texlive/2016/texmf-di
st/fonts/type1/public/amsfonts/cm/cmsy8.pfb></usr/local/texlive/2016/texmf-dist
/fonts/type1/public/amsfonts/cm/cmti10.pfb></usr/local/texlive/2016/texmf-dist/
fonts/type1/public/amsfonts/cm/cmti7.pfb></usr/local/texlive/2016/texmf-dist/fo
nts/type1/public/amsfonts/cm/cmti8.pfb></usr/local/texlive/2016/texmf-dist/font
s/type1/public/amsfonts/cm/cmtt8.pfb></usr/local/texlive/2016/texmf-dist/fonts/
type1/urw/helvetic/uhvr8a.pfb>
Output written on main.pdf (57 pages, 3786415 bytes).
PDF statistics:
 1118 PDF objects out of 1200 (max. 8388607)
 578 compressed objects within 6 object streams
 0 named destinations out of 1000 (max. 500000)
 131 words of extra memory for PDF output out of 10000 (max. 10000000)

